<?xml version="1.0" encoding="UTF-8"?>
<!-- Generated by org.testng.reporters.JUnitReportReporter -->
<testsuite hostname="DESKTOP-HHFJC6T" failures="0" tests="2" name="interview.TestCases" time="3.463" errors="0" timestamp="27 Feb 2022 12:23:24 GMT" skipped="0">
  <testcase classname="interview.TestCases" name="TC_02_CantLoginWithWrongPass" time="1.550"/>
  <testcase classname="interview.TestCases" name="TC_01_VerifyUserAtHomepage" time="1.913"/>
</testsuite> <!-- interview.TestCases -->
